App 128059 output: tput: No value for $TERM and no -T specified
App 128059 output: Not Found: /sw.js
App 128059 output: [ pid=128059, time=2025-12-09 06:07:26,475 ]: Not Found: /sw.js
App 128059 output: <QueryDict: {'csrfmiddlewaretoken': ['tZ1uMHW93J4hmi3WdsY7nmWZFxnXsRB6mFJcSjpBMrY8yPEFcK63UTOq75RVzWx1'], 'name': ['John Giles'], 'email': ['gilesasp@gmail.com']}>
App 128059 output: Not Found: /sw.js
App 128059 output: [ pid=128059, time=2025-12-09 06:07:41,409 ]: Not Found: /sw.js
App 128059 output: Not Found: /sw.js
App 128059 output: [ pid=128059, time=2025-12-09 06:07:49,176 ]: Not Found: /sw.js
App 128059 output: Not Found: /sw.js
App 128059 output: [ pid=128059, time=2025-12-09 06:07:56,040 ]: Not Found: /sw.js
App 128059 output: Not Found: /sw.js
App 128059 output: [ pid=128059, time=2025-12-09 06:08:07,941 ]: Not Found: /sw.js
App 128059 output: Not Found: /sw.js
App 128059 output: [ pid=128059, time=2025-12-09 06:08:15,802 ]: Not Found: /sw.js
App 128059 output: Not Found: /sw.js
App 128059 output: [ pid=128059, time=2025-12-09 06:08:17,532 ]: Not Found: /sw.js
App 128059 output: Not Found: /sw.js
App 128059 output: [ pid=128059, time=2025-12-09 06:08:19,043 ]: Not Found: /sw.js
App 128059 output: Not Found: /sw.js
App 128059 output: [ pid=128059, time=2025-12-09 06:08:22,863 ]: Not Found: /sw.js
App 128059 output: Not Found: /sw.js
App 128059 output: [ pid=128059, time=2025-12-09 06:08:31,643 ]: Not Found: /sw.js
App 128059 output: Not Found: /sw.js
App 128059 output: [ pid=128059, time=2025-12-09 06:10:44,304 ]: Not Found: /sw.js
App 128059 output: Not Found: /sw.js
App 128059 output: [ pid=128059, time=2025-12-09 06:10:45,314 ]: Not Found: /sw.js
App 128059 output: Not Found: /sw.js
App 128059 output: [ pid=128059, time=2025-12-09 06:10:46,509 ]: Not Found: /sw.js
App 133354 output: tput: 
App 133354 output: No value for $TERM and no -T specified
App 133354 output: Not Found: /sw.js
App 133354 output: [ pid=133354, time=2025-12-09 06:10:59,972 ]: Not Found: /sw.js
App 133354 output: Not Found: /sw.js
App 133354 output: [ pid=133354, time=2025-12-09 06:11:03,806 ]: Not Found: /sw.js
App 133354 output: Not Found: /sw.js
App 133354 output: [ pid=133354, time=2025-12-09 06:11:06,420 ]: Not Found: /sw.js
App 133354 output: Not Found: /sw.js
App 133354 output: [ pid=133354, time=2025-12-09 06:11:14,985 ]: Not Found: /sw.js
App 133354 output: Not Found: /sw.js
App 133354 output: [ pid=133354, time=2025-12-09 06:13:26,081 ]: Not Found: /sw.js
App 133354 output: Not Found: /favicon.ico
App 133354 output: [ pid=133354, time=2025-12-09 06:13:58,479 ]: Not Found: /favicon.ico
App 133354 output: Not Found: /sw.js
App 133354 output: [ pid=133354, time=2025-12-09 06:14:04,573 ]: Not Found: /sw.js
App 133354 output: Not Found: /favicon.ico
App 133354 output: [ pid=133354, time=2025-12-09 06:14:23,931 ]: Not Found: /favicon.ico
App 143506 output: tput: No value for $TERM and no -T specified
App 143506 output: Not Found: /sw.js
App 143506 output: [ pid=143506, time=2025-12-09 06:18:57,239 ]: Not Found: /sw.js
App 143506 output: Not Found: /sw.js
App 143506 output: [ pid=143506, time=2025-12-09 06:22:39,937 ]: Not Found: /sw.js
App 143506 output: Not Found: /sw.js
App 143506 output: [ pid=143506, time=2025-12-09 06:24:26,078 ]: Not Found: /sw.js
App 143506 output: Not Found: /sw.js
App 143506 output: [ pid=143506, time=2025-12-09 06:26:11,745 ]: Not Found: /sw.js
App 143506 output: Not Found: /sw.js
App 143506 output: [ pid=143506, time=2025-12-09 06:28:17,675 ]: Not Found: /sw.js
App 143506 output: Not Found: /favicon.ico
App 143506 output: [ pid=143506, time=2025-12-09 06:28:39,041 ]: Not Found: /favicon.ico
App 143506 output: Not Found: /favicon.ico
App 143506 output: [ pid=143506, time=2025-12-09 06:28:59,309 ]: Not Found: /favicon.ico
App 143506 output: Not Found: /sw.js
App 143506 output: [ pid=143506, time=2025-12-09 06:29:47,464 ]: Not Found: /sw.js
App 143506 output: Not Found: /sw.js
App 143506 output: [ pid=143506, time=2025-12-09 07:26:17,026 ]: Not Found: /sw.js
App 143506 output: Not Found: /sw.js
App 143506 output: [ pid=143506, time=2025-12-09 07:26:26,794 ]: Not Found: /sw.js
App 143506 output: Not Found: /sw.js
App 143506 output: [ pid=143506, time=2025-12-09 07:26:32,066 ]: Not Found: /sw.js
App 143506 output: Not Found: /sw.js
App 143506 output: [ pid=143506, time=2025-12-09 07:26:46,799 ]: Not Found: /sw.js
App 143506 output: Not Found: /sw.js
App 143506 output: [ pid=143506, time=2025-12-09 07:26:51,000 ]: Not Found: /sw.js
App 143506 output: Not Found: /sw.js
App 143506 output: [ pid=143506, time=2025-12-09 07:26:54,915 ]: Not Found: /sw.js
App 143506 output: Not Found: /sw.js
App 143506 output: [ pid=143506, time=2025-12-09 07:27:08,033 ]: Not Found: /sw.js
App 267769 output: tput: No value for $TERM and no -T specified
App 267769 output: Not Found: /wp-admin/setup-config.php
App 267769 output: [ pid=267769, time=2025-12-09 07:46:29,952 ]: Not Found: /wp-admin/setup-config.php
App 317520 output: tput: No value for $TERM and no -T specified
App 317520 output: Not Found: /robots.txt
App 317520 output: [ pid=317520, time=2025-12-09 08:24:35,898 ]: Not Found: /robots.txt
App 331553 output: tput: No value for $TERM and no -T specified
App 331553 output: Not Found: /sw.js
App 331553 output: [ pid=331553, time=2025-12-09 08:33:47,258 ]: Not Found: /sw.js
App 331553 output: Not Found: /sw.js
App 331553 output: [ pid=331553, time=2025-12-09 08:34:17,043 ]: Not Found: /sw.js
App 369652 output: tput: No value for $TERM and no -T specified
App 369652 output: Not Found: /sw.js
App 369652 output: [ pid=369652, time=2025-12-09 08:48:43,511 ]: Not Found: /sw.js
App 369652 output: Not Found: /sw.js
App 369652 output: [ pid=369652, time=2025-12-09 08:49:13,286 ]: Not Found: /sw.js
